{
    "output": "",
    "errors": "FFFFFFF\n======================================================================\nFAIL: test_example1 (__main__.TestCountAlternatingSubarrays.test_example1)\n----------------------------------------------------------------------\nTraceback (most recent call last):\n  File \"C:\\Users\\Serge\\Desktop\\GPT-Testing\\DataSets\\DataSet-New\\LeetCodeTasks - Testing\\Tests\\3101_count-alternating-subarrays\\test.py\", line 17, in test_example1\n    self.assertEqual(self.solution.countAlternatingSubarrays([0, 1, 1, 1]), 5)\nAssertionError: 6.0 != 5\n\n======================================================================\nFAIL: test_example2 (__main__.TestCountAlternatingSubarrays.test_example2)\n----------------------------------------------------------------------\nTraceback (most recent call last):\n  File \"C:\\Users\\Serge\\Desktop\\GPT-Testing\\DataSets\\DataSet-New\\LeetCodeTasks - Testing\\Tests\\3101_count-alternating-subarrays\\test.py\", line 23, in test_example2\n    self.assertEqual(self.solution.countAlternatingSubarrays([1, 0, 1, 0]), 10)\nAssertionError: 5.0 != 10\n\n======================================================================\nFAIL: test_longer_alternating (__main__.TestCountAlternatingSubarrays.test_longer_alternating)\n----------------------------------------------------------------------\nTraceback (most recent call last):\n  File \"C:\\Users\\Serge\\Desktop\\GPT-Testing\\DataSets\\DataSet-New\\LeetCodeTasks - Testing\\Tests\\3101_count-alternating-subarrays\\test.py\", line 49, in test_longer_alternating\n    self.assertEqual(self.solution.countAlternatingSubarrays([1, 0, 1, 0, 1]), 15)\nAssertionError: 7.0 != 15\n\n======================================================================\nFAIL: test_longer_non_alternating (__main__.TestCountAlternatingSubarrays.test_longer_non_alternating)\n----------------------------------------------------------------------\nTraceback (most recent call last):\n  File \"C:\\Users\\Serge\\Desktop\\GPT-Testing\\DataSets\\DataSet-New\\LeetCodeTasks - Testing\\Tests\\3101_count-alternating-subarrays\\test.py\", line 55, in test_longer_non_alternating\n    self.assertEqual(self.solution.countAlternatingSubarrays([1, 1, 1, 1, 1]), 5)\nAssertionError: 10.0 != 5\n\n======================================================================\nFAIL: test_mixed (__main__.TestCountAlternatingSubarrays.test_mixed)\n----------------------------------------------------------------------\nTraceback (most recent call last):\n  File \"C:\\Users\\Serge\\Desktop\\GPT-Testing\\DataSets\\DataSet-New\\LeetCodeTasks - Testing\\Tests\\3101_count-alternating-subarrays\\test.py\", line 61, in test_mixed\n    self.assertEqual(self.solution.countAlternatingSubarrays([1, 0, 0, 1, 0, 1]), 13)\nAssertionError: 8.0 != 13\n\n======================================================================\nFAIL: test_single_element (__main__.TestCountAlternatingSubarrays.test_single_element)\n----------------------------------------------------------------------\nTraceback (most recent call last):\n  File \"C:\\Users\\Serge\\Desktop\\GPT-Testing\\DataSets\\DataSet-New\\LeetCodeTasks - Testing\\Tests\\3101_count-alternating-subarrays\\test.py\", line 29, in test_single_element\n    self.assertEqual(self.solution.countAlternatingSubarrays([0]), 1)\nAssertionError: 0.0 != 1\n\n======================================================================\nFAIL: test_two_elements (__main__.TestCountAlternatingSubarrays.test_two_elements)\n----------------------------------------------------------------------\nTraceback (most recent call last):\n  File \"C:\\Users\\Serge\\Desktop\\GPT-Testing\\DataSets\\DataSet-New\\LeetCodeTasks - Testing\\Tests\\3101_count-alternating-subarrays\\test.py\", line 37, in test_two_elements\n    self.assertEqual(self.solution.countAlternatingSubarrays([0, 1]), 3)\nAssertionError: 1.0 != 3\n\n----------------------------------------------------------------------\nRan 7 tests in 0.004s\n\nFAILED (failures=7)\n",
    "returncode": 1
}