{
    "output": "",
    "errors": "...FFFF\n======================================================================\nFAIL: test_case_4 (__main__.TestMinimumLevels.test_case_4)\n----------------------------------------------------------------------\nTraceback (most recent call last):\n  File \"C:\\Users\\Serge\\Desktop\\GPT-Testing\\DataSets\\DataSet-New\\LeetCodeTasks - Testing\\Tests\\3096_minimum-levels-to-gain-more-points\\test.py\", line 59, in test_case_4\n    self.assertEqual(result, expected)\nAssertionError: 1 != 2\n\n======================================================================\nFAIL: test_case_5 (__main__.TestMinimumLevels.test_case_5)\n----------------------------------------------------------------------\nTraceback (most recent call last):\n  File \"C:\\Users\\Serge\\Desktop\\GPT-Testing\\DataSets\\DataSet-New\\LeetCodeTasks - Testing\\Tests\\3096_minimum-levels-to-gain-more-points\\test.py\", line 71, in test_case_5\n    self.assertEqual(result, expected)\nAssertionError: 1 != 3\n\n======================================================================\nFAIL: test_case_6 (__main__.TestMinimumLevels.test_case_6)\n----------------------------------------------------------------------\nTraceback (most recent call last):\n  File \"C:\\Users\\Serge\\Desktop\\GPT-Testing\\DataSets\\DataSet-New\\LeetCodeTasks - Testing\\Tests\\3096_minimum-levels-to-gain-more-points\\test.py\", line 83, in test_case_6\n    self.assertEqual(result, expected)\nAssertionError: 1 != 2\n\n======================================================================\nFAIL: test_case_7 (__main__.TestMinimumLevels.test_case_7)\n----------------------------------------------------------------------\nTraceback (most recent call last):\n  File \"C:\\Users\\Serge\\Desktop\\GPT-Testing\\DataSets\\DataSet-New\\LeetCodeTasks - Testing\\Tests\\3096_minimum-levels-to-gain-more-points\\test.py\", line 95, in test_case_7\n    self.assertEqual(result, expected)\nAssertionError: -1 != 1\n\n----------------------------------------------------------------------\nRan 7 tests in 0.002s\n\nFAILED (failures=4)\n",
    "returncode": 1
}