{
    "output": "",
    "errors": ".FF.\n======================================================================\nFAIL: test_isosceles (__main__.TestTriangleType.test_isosceles)\n----------------------------------------------------------------------\nTraceback (most recent call last):\n  File \"C:\\Users\\Serge\\Desktop\\GPT-Testing\\DataSets\\DataSet-New\\LeetCodeTasks - Testing\\Tests\\3024_type-of-triangle\\test.py\", line 25, in test_isosceles\n    self.assertEqual(self.solution.triangleType([3, 3, 4]), \"isosceles\")\nAssertionError: 'scalene' != 'isosceles'\n- scalene\n+ isosceles\n\n\n======================================================================\nFAIL: test_none (__main__.TestTriangleType.test_none)\n----------------------------------------------------------------------\nTraceback (most recent call last):\n  File \"C:\\Users\\Serge\\Desktop\\GPT-Testing\\DataSets\\DataSet-New\\LeetCodeTasks - Testing\\Tests\\3024_type-of-triangle\\test.py\", line 43, in test_none\n    self.assertEqual(self.solution.triangleType([1, 1, 2]), \"none\")\nAssertionError: 'scalene' != 'none'\n- scalene\n+ none\n\n\n----------------------------------------------------------------------\nRan 4 tests in 0.045s\n\nFAILED (failures=2)\n",
    "returncode": 1
}